
  20:19:57.640 STDOUT terraform: Terraform used the selected providers to     
  generate the following execution                                            
  20:19:57.643 STDOUT terraform: plan. Resource actions are indicated with the
  following symbols:                                                          
  20:19:57.643 STDOUT terraform:   + create                                   
  20:19:57.643 STDOUT terraform: Terraform will perform the following actions:
  20:19:57.643 STDOUT terraform:   # aws_db_instance.this will be created     
  20:19:57.643 STDOUT terraform:   + resource "aws_db_instance" "this" {      
  20:19:57.643 STDOUT terraform:       + address                              
  = (known after apply)                                                       
  20:19:57.643 STDOUT terraform:       + allocated_storage                    
  = 20                                                                        
  20:19:57.643 STDOUT terraform:       + apply_immediately                    
  = true                                                                      
  20:19:57.643 STDOUT terraform:       + arn                                  
  = (known after apply)                                                       
  20:19:57.643 STDOUT terraform:       + auto_minor_version_upgrade           
  = true                                                                      
  20:19:57.643 STDOUT terraform:       + availability_zone                    
  = (known after apply)                                                       
  20:19:57.643 STDOUT terraform:       + backup_retention_period              
  = 1                                                                         
  20:19:57.643 STDOUT terraform:       + backup_target                        
  = (known after apply)                                                       
  20:19:57.643 STDOUT terraform:       + backup_window                        
  = (known after apply)                                                       
  20:19:57.643 STDOUT terraform:       + ca_cert_identifier                   
  = (known after apply)                                                       
  20:19:57.643 STDOUT terraform:       + character_set_name                   
  = (known after apply)                                                       
  20:19:57.643 STDOUT terraform:       + copy_tags_to_snapshot                
  = false                                                                     
  20:19:57.643 STDOUT terraform:       + database_insights_mode               
  = (known after apply)                                                       
  20:19:57.643 STDOUT terraform:       + db_name                              
  = "appdb"                                                                   
  20:19:57.643 STDOUT terraform:       + db_subnet_group_name                 
  = "newsample-qa-pg-subnets"                                                 
  20:19:57.643 STDOUT terraform:       + dedicated_log_volume                 
  = false                                                                     
  20:19:57.644 STDOUT terraform:       + delete_automated_backups             
  = true                                                                      
  20:19:57.644 STDOUT terraform:       + deletion_protection                  
  = false                                                                     
  20:19:57.644 STDOUT terraform:       + domain_fqdn                          
  = (known after apply)                                                       
  20:19:57.644 STDOUT terraform:       + endpoint                             
  = (known after apply)                                                       
  20:19:57.644 STDOUT terraform:       + engine                               
  = "postgres"                                                                
  20:19:57.644 STDOUT terraform:       + engine_lifecycle_support             
  = (known after apply)                                                       
  20:19:57.644 STDOUT terraform:       + engine_version                       
  = "16.4"                                                                    
  20:19:57.644 STDOUT terraform:       + engine_version_actual                
  = (known after apply)                                                       
  20:19:57.644 STDOUT terraform:       + hosted_zone_id                       
  = (known after apply)                                                       
  20:19:57.644 STDOUT terraform:       + id                                   
  = (known after apply)                                                       
  20:19:57.644 STDOUT terraform:       + identifier                           
  = "newsample-qa-pg"                                                         
  20:19:57.644 STDOUT terraform:       + identifier_prefix                    
  = (known after apply)                                                       
  20:19:57.644 STDOUT terraform:       + instance_class                       
  = "db.t4g.micro"                                                            
  20:19:57.644 STDOUT terraform:       + iops                                 
  = (known after apply)                                                       
  20:19:57.644 STDOUT terraform:       + kms_key_id                           
  = (known after apply)                                                       
  20:19:57.644 STDOUT terraform:       + latest_restorable_time               
  = (known after apply)                                                       
  20:19:57.645 STDOUT terraform:       + license_model                        
  = (known after apply)                                                       
  20:19:57.645 STDOUT terraform:       + listener_endpoint                    
  = (known after apply)                                                       
  20:19:57.645 STDOUT terraform:       + maintenance_window                   
  = (known after apply)                                                       
  20:19:57.645 STDOUT terraform:       + manage_master_user_password          
  = true                                                                      
  20:19:57.645 STDOUT terraform:       + master_user_secret                   
  = (known after apply)                                                       
  20:19:57.645 STDOUT terraform:       + master_user_secret_kms_key_id        
  = (known after apply)                                                       
  20:19:57.645 STDOUT terraform:       + monitoring_interval                  
  = 0                                                                         
  20:19:57.645 STDOUT terraform:       + monitoring_role_arn                  
  = (known after apply)                                                       
  20:19:57.645 STDOUT terraform:       + multi_az                             
  = false                                                                     
  20:19:57.645 STDOUT terraform:       + nchar_character_set_name             
  = (known after apply)                                                       
  20:19:57.645 STDOUT terraform:       + network_type                         
  = (known after apply)                                                       
  20:19:57.645 STDOUT terraform:       + option_group_name                    
  = (known after apply)                                                       
  20:19:57.645 STDOUT terraform:       + parameter_group_name                 
  = (known after apply)                                                       
  20:19:57.645 STDOUT terraform:       + password_wo                          
  = (write-only attribute)                                                    
  20:19:57.645 STDOUT terraform:       + performance_insights_enabled         
  = false                                                                     
  20:19:57.645 STDOUT terraform:       + performance_insights_kms_key_id      
  = (known after apply)                                                       
  20:19:57.645 STDOUT terraform:       + performance_insights_retention_period
  = (known after apply)                                                       
  20:19:57.645 STDOUT terraform:       + port                                 
  = (known after apply)                                                       
  20:19:57.646 STDOUT terraform:       + publicly_accessible                  
  = false                                                                     
  20:19:57.646 STDOUT terraform:       + region                               
  = "us-east-1"                                                               
  20:19:57.646 STDOUT terraform:       + replica_mode                         
  = (known after apply)                                                       
  20:19:57.646 STDOUT terraform:       + replicas                             
  = (known after apply)                                                       
  20:19:57.646 STDOUT terraform:       + resource_id                          
  = (known after apply)                                                       
  20:19:57.646 STDOUT terraform:       + skip_final_snapshot                  
  = true                                                                      
  20:19:57.646 STDOUT terraform:       + snapshot_identifier                  
  = (known after apply)                                                       
  20:19:57.646 STDOUT terraform:       + status                               
  = (known after apply)                                                       
  20:19:57.646 STDOUT terraform:       + storage_throughput                   
  = (known after apply)                                                       
  20:19:57.646 STDOUT terraform:       + storage_type                         
  = "gp3"                                                                     
  20:19:57.646 STDOUT terraform:       + tags                                 
  = {                                                                         
  20:19:57.646 STDOUT terraform:           + "Component"   = "rds"            
  20:19:57.646 STDOUT terraform:           + "Name"        = "newsample-qa-pg"
  20:19:57.646 STDOUT terraform:           + "Region"      = "us-east-1"      
  20:19:57.646 STDOUT terraform:           + "environment" = "qa"             
  20:19:57.646 STDOUT terraform:           + "project"     = "newsample"      
  20:19:57.646 STDOUT terraform:         }                                    
  20:19:57.646 STDOUT terraform:       + tags_all                             
  = {                                                                         
  20:19:57.646 STDOUT terraform:           + "Component"   = "rds"            
  20:19:57.646 STDOUT terraform:           + "Name"        = "newsample-qa-pg"
  20:19:57.646 STDOUT terraform:           + "Region"      = "us-east-1"      
  20:19:57.646 STDOUT terraform:           + "environment" = "qa"             
  20:19:57.646 STDOUT terraform:           + "project"     = "newsample"      
  20:19:57.646 STDOUT terraform:         }                                    
  20:19:57.646 STDOUT terraform:       + timezone                             
  = (known after apply)                                                       
  20:19:57.647 STDOUT terraform:       + upgrade_rollout_order                
  = (known after apply)                                                       
  20:19:57.647 STDOUT terraform:       + username                             
  = "appadmin"                                                                
  20:19:57.647 STDOUT terraform:       + vpc_security_group_ids               
  = (known after apply)                                                       
  20:19:57.647 STDOUT terraform:     }                                        
  20:19:57.647 STDOUT terraform:   # aws_db_subnet_group.this will be created 
  20:19:57.647 STDOUT terraform:   + resource "aws_db_subnet_group" "this" {  
  20:19:57.647 STDOUT terraform:       + arn                     = (known     
  after apply)                                                                
  20:19:57.647 STDOUT terraform:       + description             = "Managed by
  Terraform"                                                                  
  20:19:57.647 STDOUT terraform:       + id                      = (known     
  after apply)                                                                
  20:19:57.647 STDOUT terraform:       + name                    = "newsample-
  qa-pg-subnets"                                                              
  20:19:57.647 STDOUT terraform:       + name_prefix             = (known     
  after apply)                                                                
  20:19:57.647 STDOUT terraform:       + region                  = "us-east-1"
  20:19:57.647 STDOUT terraform:       + subnet_ids              = [          
  20:19:57.647 STDOUT terraform:           + "subnet-0bddbae68fed549e8",      
  20:19:57.647 STDOUT terraform:           + "subnet-0dd30ff344777a129",      
  20:19:57.647 STDOUT terraform:         ]                                    
  20:19:57.647 STDOUT terraform:       + supported_network_types = (known     
  after apply)                                                                
  20:19:57.647 STDOUT terraform:       + tags                    = {          
  20:19:57.647 STDOUT terraform:           + "Component"   = "rds"            
  20:19:57.647 STDOUT terraform:           + "Name"        = "newsample-qa-pg-
  subnets"                                                                    
  20:19:57.647 STDOUT terraform:           + "Region"      = "us-east-1"      
  20:19:57.647 STDOUT terraform:           + "environment" = "qa"             
  20:19:57.647 STDOUT terraform:           + "project"     = "newsample"      
  20:19:57.647 STDOUT terraform:         }                                    
  20:19:57.647 STDOUT terraform:       + tags_all                = {          
  20:19:57.647 STDOUT terraform:           + "Component"   = "rds"            
  20:19:57.647 STDOUT terraform:           + "Name"        = "newsample-qa-pg-
  subnets"                                                                    
  20:19:57.647 STDOUT terraform:           + "Region"      = "us-east-1"      
  20:19:57.647 STDOUT terraform:           + "environment" = "qa"             
  20:19:57.647 STDOUT terraform:           + "project"     = "newsample"      
  20:19:57.647 STDOUT terraform:         }                                    
  20:19:57.647 STDOUT terraform:       + vpc_id                  = (known     
  after apply)                                                                
  20:19:57.647 STDOUT terraform:     }                                        
  20:19:57.647 STDOUT terraform:   # aws_security_group.rds will be created   
  20:19:57.647 STDOUT terraform:   + resource "aws_security_group" "rds" {    
  20:19:57.647 STDOUT terraform:       + arn                    = (known after
  apply)                                                                      
  20:19:57.647 STDOUT terraform:       + description            = "PostgreSQL 
  from VPC"                                                                   
  20:19:57.648 STDOUT terraform:       + egress                 = [           
  20:19:57.648 STDOUT terraform:           + {                                
  20:19:57.648 STDOUT terraform:               + cidr_blocks      = [         
  20:19:57.648 STDOUT terraform:                   + "0.0.0.0/0",             
  20:19:57.648 STDOUT terraform:                 ]                            
  20:19:57.648 STDOUT terraform:               + from_port        = 0         
  20:19:57.648 STDOUT terraform:               + ipv6_cidr_blocks = []        
  20:19:57.648 STDOUT terraform:               + prefix_list_ids  = []        
  20:19:57.648 STDOUT terraform:               + protocol         = "-1"      
  20:19:57.648 STDOUT terraform:               + security_groups  = []        
  20:19:57.648 STDOUT terraform:               + self             = false     
  20:19:57.648 STDOUT terraform:               + to_port          = 0         
  20:19:57.648 STDOUT terraform:                 # (1 unchanged attribute     
  hidden)                                                                     
  20:19:57.648 STDOUT terraform:             },                               
  20:19:57.648 STDOUT terraform:         ]                                    
  20:19:57.648 STDOUT terraform:       + id                     = (known after
  apply)                                                                      
  20:19:57.648 STDOUT terraform:       + ingress                = [           
  20:19:57.648 STDOUT terraform:           + {                                
  20:19:57.648 STDOUT terraform:               + cidr_blocks      = [         
  20:19:57.648 STDOUT terraform:                   + "172.31.0.0/16",         
  20:19:57.648 STDOUT terraform:                 ]                            
  20:19:57.648 STDOUT terraform:               + description      =           
  "PostgreSQL within VPC"                                                     
  20:19:57.648 STDOUT terraform:               + from_port        = 5432      
  20:19:57.648 STDOUT terraform:               + ipv6_cidr_blocks = []        
  20:19:57.648 STDOUT terraform:               + prefix_list_ids  = []        
  20:19:57.648 STDOUT terraform:               + protocol         = "tcp"     
  20:19:57.648 STDOUT terraform:               + security_groups  = []        
  20:19:57.648 STDOUT terraform:               + self             = false     
  20:19:57.648 STDOUT terraform:               + to_port          = 5432      
  20:19:57.648 STDOUT terraform:             },                               
  20:19:57.648 STDOUT terraform:         ]                                    
  20:19:57.648 STDOUT terraform:       + name                   = (known after
  apply)                                                                      
  20:19:57.648 STDOUT terraform:       + name_prefix            = "newsample- 
  qa-                                                                         
  pg-"                                                                        
  20:19:57.648 STDOUT terraform:       + owner_id               = (known after
  apply)                                                                      
  20:19:57.648 STDOUT terraform:       + region                 = "us-east-1" 
  20:19:57.648 STDOUT terraform:       + revoke_rules_on_delete = false       
  20:19:57.648 STDOUT terraform:       + tags                   = {           
  20:19:57.648 STDOUT terraform:           + "Component"   = "rds"            
  20:19:57.648 STDOUT terraform:           + "Name"        = "newsample-qa-pg-
  sg"                                                                         
  20:19:57.648 STDOUT terraform:           + "Region"      = "us-east-1"      
  20:19:57.648 STDOUT terraform:           + "environment" = "qa"             
  20:19:57.648 STDOUT terraform:           + "project"     = "newsample"      
  20:19:57.648 STDOUT terraform:         }                                    
  20:19:57.648 STDOUT terraform:       + tags_all               = {           
  20:19:57.649 STDOUT terraform:           + "Component"   = "rds"            
  20:19:57.649 STDOUT terraform:           + "Name"        = "newsample-qa-pg-
  sg"                                                                         
  20:19:57.649 STDOUT terraform:           + "Region"      = "us-east-1"      
  20:19:57.649 STDOUT terraform:           + "environment" = "qa"             
  20:19:57.649 STDOUT terraform:           + "project"     = "newsample"      
  20:19:57.649 STDOUT terraform:         }                                    
  20:19:57.649 STDOUT terraform:       + vpc_id                 = "vpc-       
  079ecd489134ec042"                                                          
  20:19:57.649 STDOUT terraform:     }                                        
  20:19:57.649 STDOUT terraform: Plan: 3 to add, 0 to change, 0 to destroy.   
  20:19:57.649 STDOUT terraform: Changes to Outputs:                          
  20:19:57.649 STDOUT terraform:   + endpoint               = (known after    
  apply)                                                                      
  20:19:57.649 STDOUT terraform:   + identifier             = "newsample-qa-  
  pg"                                                                         
  20:19:57.649 STDOUT terraform:   + master_user_secret_arn = (known after    
  apply)                                                                      
  20:19:57.649 STDOUT terraform:   + port                   = (known after    
  apply)                                                                      

