
  # Terraform Plan Report                                                     
                                                                              
  Generated by tfplan2md 1.29.0 (5a66f68) on 2026-04-20 19:35:44 UTC |        
  Terraform                                                                   
  1.14.4                                                                      
                                                                              
  ## Summary                                                                  
                                                                              
   Action           | Count            | Resource Types                       
  ------------------|------------------|------------------------------------  
   ➕ Add           | 2                | 1 aws_instance1 aws_security_group   
   🔄 Change        | 0                |                                      
   ♻️ Replace       | 0                |                                      
   ❌ Destroy       | 0                |                                      
   **Total**        | **2**            |                                      
                                                                              
  ## Resource Changes                                                         
                                                                              
  ### 📦 Module: root                                                         
  ➕ aws_instance this                                                        
   Attribute                                       | Value                    
  -------------------------------------------------|--------------------------
   ami                                             | ami-098e39bafa7e7303d    
   associate_public_ip_address                     | ✅ true                  
   force_destroy                                   | ❌ false                 
   get_password_data                               | ❌ false                 
   instance_type                                   | t3.small                 
   metadata_options[0].http_endpoint               | enabled                  
   metadata_options[0].http_protocol_ipv6          | disabled                 
   metadata_options[0].http_put_response_hop_limit | 1                        
   metadata_options[0].http_tokens                 | required                 
   region                                          | 🌍 us-east-1             
   source_dest_check                               | ✅ true                  
   subnet_id                                       | subnet-04d4ddb1a3be1dab3 
   tags_all.Component                              | ec2                      
   tags_all.Name                                   | newsample-dev-ec2        
   tags_all.Region                                 | us-east-1                
   tags_all.environment                            | dev                      
   tags_all.project                                | newsample                
   user_data_replace_on_change                     | ❌ false                 
                                                                              
  **🏷️ Tags:** Component: ec2 environment: dev Name: newsample-dev-ec2        
  project:                                                                    
  newsample Region: us-east-1                                                 
  ➕ aws_security_group ec2                                                   
   Attribute                           | Value                                
  -------------------------------------|------------------------------------  
   description                         | EC2 egress-only                      
   egress[0].cidr_blocks[0]            | 🌐 0.0.0.0/0                         
   egress[0].from_port                 | 🔌 0                                 
   egress[0].protocol                  | -1                                   
   egress[0].self                      | ❌ false                             
   egress[0].to_port                   | 🔌 0                                 
   name_prefix                         | newsample-dev-ec2-                   
   region                              | 🌍 us-east-1                         
   revoke_rules_on_delete              | ❌ false                             
   tags_all.Component                  | ec2                                  
   tags_all.Name                       | newsample-dev-ec2-sg                 
   tags_all.Region                     | us-east-1                            
   tags_all.environment                | dev                                  
   tags_all.project                    | newsample                            
   vpc_id                              | vpc-079ecd489134ec042                
                                                                              
  **🏷️ Tags:** Component: ec2 environment: dev Name: newsample-dev-ec2-sg     
  project: newsample Region: us-east-1                                        
                                                                              
  ## 📤 Outputs                                                               
                                                                              
   Change | Name        | Description        | Sensi… | Value                 
  --------|-------------|--------------------|--------|---------------------  
   ➕     | instance_id | EC2 instance ID.   | No     | (known after apply)   
   ➕     | public_ip   | Public IP when the | No     | (known after apply)   
          |             | subnet routes a    |        |                       
          |             | public address.    |        |                       

