
  20:19:22.111 STDOUT terraform: Terraform used the selected providers to     
  generate the following execution                                            
  20:19:22.111 STDOUT terraform: plan. Resource actions are indicated with the
  following symbols:                                                          
  20:19:22.111 STDOUT terraform:   + create                                   
  20:19:22.111 STDOUT terraform:  <= read (data resources)                    
  20:19:22.111 STDOUT terraform: Terraform will perform the following actions:
  20:19:22.111 STDOUT terraform:   #                                          
  data.aws_iam_policy_document.s3_cloudfront will be read during apply        
  20:19:22.111 STDOUT terraform:   # (config refers to values not yet known)  
  20:19:22.111 STDOUT terraform:  <= data "aws_iam_policy_document"           
  "s3_cloudfront" {                                                           
  20:19:22.111 STDOUT terraform:       + id            = (known after apply)  
  20:19:22.111 STDOUT terraform:       + json          = (known after apply)  
  20:19:22.111 STDOUT terraform:       + minified_json = (known after apply)  
  20:19:22.111 STDOUT terraform:       + statement {                          
  20:19:22.111 STDOUT terraform:           + actions   = [                    
  20:19:22.111 STDOUT terraform:               + "s3:GetObject",              
  20:19:22.111 STDOUT terraform:             ]                                
  20:19:22.111 STDOUT terraform:           + effect    = "Allow"              
  20:19:22.111 STDOUT terraform:           + resources = [                    
  20:19:22.111 STDOUT terraform:               + "arn:aws:s3:::newsample-qa-  
  app-                                                                        
  data-7d50/*",                                                               
  20:19:22.111 STDOUT terraform:             ]                                
  20:19:22.111 STDOUT terraform:           + sid       = "AllowCloudFrontRead"
  20:19:22.111 STDOUT terraform:           + condition {                      
  20:19:22.111 STDOUT terraform:               + test     = "StringEquals"    
  20:19:22.111 STDOUT terraform:               + values   = [                 
  20:19:22.111 STDOUT terraform:                   + (known after apply),     
  20:19:22.111 STDOUT terraform:                 ]                            
  20:19:22.111 STDOUT terraform:               + variable = "AWS:SourceArn"   
  20:19:22.111 STDOUT terraform:             }                                
  20:19:22.111 STDOUT terraform:           + principals {                     
  20:19:22.111 STDOUT terraform:               + identifiers = [              
  20:19:22.112 STDOUT terraform:                   +                          
  "cloudfront.amazonaws.com",                                                 
  20:19:22.112 STDOUT terraform:                 ]                            
  20:19:22.112 STDOUT terraform:               + type        = "Service"      
  20:19:22.112 STDOUT terraform:             }                                
  20:19:22.112 STDOUT terraform:         }                                    
  20:19:22.112 STDOUT terraform:     }                                        
  20:19:22.112 STDOUT terraform:   # aws_cloudfront_distribution.this will be 
  created                                                                     
  20:19:22.112 STDOUT terraform:   + resource "aws_cloudfront_distribution"   
  "this" {                                                                    
  20:19:22.112 STDOUT terraform:       + arn                             =    
  (known after apply)                                                         
  20:19:22.112 STDOUT terraform:       + caller_reference                =    
  (known after apply)                                                         
  20:19:22.112 STDOUT terraform:       + comment                         = "QA
  sample — S3 static origin"                                                  
  20:19:22.112 STDOUT terraform:       + continuous_deployment_policy_id =    
  (known after apply)                                                         
  20:19:22.112 STDOUT terraform:       + default_root_object             =    
  "index.html"                                                                
  20:19:22.112 STDOUT terraform:       + domain_name                     =    
  (known after apply)                                                         
  20:19:22.112 STDOUT terraform:       + enabled                         =    
  true                                                                        
  20:19:22.112 STDOUT terraform:       + etag                            =    
  (known after apply)                                                         
  20:19:22.112 STDOUT terraform:       + hosted_zone_id                  =    
  (known after apply)                                                         
  20:19:22.112 STDOUT terraform:       + http_version                    =    
  "http2"                                                                     
  20:19:22.112 STDOUT terraform:       + id                              =    
  (known after apply)                                                         
  20:19:22.112 STDOUT terraform:       + in_progress_validation_batches  =    
  (known after apply)                                                         
  20:19:22.112 STDOUT terraform:       + is_ipv6_enabled                 =    
  true                                                                        
  20:19:22.112 STDOUT terraform:       + last_modified_time              =    
  (known after apply)                                                         
  20:19:22.112 STDOUT terraform:       + logging_v1_enabled              =    
  (known after apply)                                                         
  20:19:22.112 STDOUT terraform:       + price_class                     =    
  "PriceClass_100"                                                            
  20:19:22.112 STDOUT terraform:       + retain_on_delete                =    
  false                                                                       
  20:19:22.112 STDOUT terraform:       + staging                         =    
  false                                                                       
  20:19:22.112 STDOUT terraform:       + status                          =    
  (known after apply)                                                         
  20:19:22.112 STDOUT terraform:       + tags                            = {  
  20:19:22.112 STDOUT terraform:           + "Component"   = "cloudfront"     
  20:19:22.112 STDOUT terraform:           + "Name"        = "newsample-qa-cf"
  20:19:22.112 STDOUT terraform:           + "Region"      = "us-east-1"      
  20:19:22.112 STDOUT terraform:           + "environment" = "qa"             
  20:19:22.112 STDOUT terraform:           + "project"     = "newsample"      
  20:19:22.112 STDOUT terraform:         }                                    
  20:19:22.112 STDOUT terraform:       + tags_all                        = {  
  20:19:22.113 STDOUT terraform:           + "Component"   = "cloudfront"     
  20:19:22.113 STDOUT terraform:           + "Name"        = "newsample-qa-cf"
  20:19:22.113 STDOUT terraform:           + "Region"      = "us-east-1"      
  20:19:22.113 STDOUT terraform:           + "environment" = "qa"             
  20:19:22.113 STDOUT terraform:           + "project"     = "newsample"      
  20:19:22.113 STDOUT terraform:         }                                    
  20:19:22.113 STDOUT terraform:       + trusted_key_groups              =    
  (known after apply)                                                         
  20:19:22.113 STDOUT terraform:       + trusted_signers                 =    
  (known after apply)                                                         
  20:19:22.113 STDOUT terraform:       + wait_for_deployment             =    
  true                                                                        
  20:19:22.113 STDOUT terraform:       + default_cache_behavior {             
  20:19:22.113 STDOUT terraform:           + allowed_methods          = [     
  20:19:22.113 STDOUT terraform:               + "GET",                       
  20:19:22.113 STDOUT terraform:               + "HEAD",                      
  20:19:22.113 STDOUT terraform:               + "OPTIONS",                   
  20:19:22.113 STDOUT terraform:             ]                                
  20:19:22.113 STDOUT terraform:           + cache_policy_id          =       
  "658327ea-f89d-4fab-a63d-7e88639e58f6"                                      
  20:19:22.113 STDOUT terraform:           + cached_methods           = [     
  20:19:22.113 STDOUT terraform:               + "GET",                       
  20:19:22.113 STDOUT terraform:               + "HEAD",                      
  20:19:22.113 STDOUT terraform:             ]                                
  20:19:22.113 STDOUT terraform:           + compress                 = true  
  20:19:22.113 STDOUT terraform:           + default_ttl              = (known
  after apply)                                                                
  20:19:22.113 STDOUT terraform:           + max_ttl                  = (known
  after apply)                                                                
  20:19:22.113 STDOUT terraform:           + min_ttl                  = 0     
  20:19:22.113 STDOUT terraform:           + origin_request_policy_id =       
  "88a5eaf4-2fd4-4709-b370-b4c650ea3fcf"                                      
  20:19:22.113 STDOUT terraform:           + target_origin_id         = "s3-  
  newsample-qa-app-data-7d50"                                                 
  20:19:22.113 STDOUT terraform:           + trusted_key_groups       = (known
  after apply)                                                                
  20:19:22.113 STDOUT terraform:           + trusted_signers          = (known
  after apply)                                                                
  20:19:22.113 STDOUT terraform:           + viewer_protocol_policy   =       
  "redirect-to-https"                                                         
  20:19:22.113 STDOUT terraform:           + grpc_config (known after apply)  
  20:19:22.113 STDOUT terraform:         }                                    
  20:19:22.113 STDOUT terraform:       + origin {                             
  20:19:22.113 STDOUT terraform:           + connection_attempts         = 3  
  20:19:22.113 STDOUT terraform:           + connection_timeout          = 10 
  20:19:22.113 STDOUT terraform:           + domain_name                 =    
  "newsample-qa-app-data-7d50.s3.us-east-1.amazonaws.com"                     
  20:19:22.113 STDOUT terraform:           + origin_access_control_id    =    
  (known after apply)                                                         
  20:19:22.113 STDOUT terraform:           + origin_id                   = "s3-
  newsample-qa-app-data-7d50"                                                 
  20:19:22.114 STDOUT terraform:           + response_completion_timeout =    
  (known after apply)                                                         
  20:19:22.114 STDOUT terraform:             # (1 unchanged attribute hidden) 
  20:19:22.114 STDOUT terraform:         }                                    
  20:19:22.114 STDOUT terraform:       + restrictions {                       
  20:19:22.114 STDOUT terraform:           + geo_restriction {                
  20:19:22.114 STDOUT terraform:               + locations        = (known    
  after apply)                                                                
  20:19:22.114 STDOUT terraform:               + restriction_type = "none"    
  20:19:22.114 STDOUT terraform:             }                                
  20:19:22.114 STDOUT terraform:         }                                    
  20:19:22.114 STDOUT terraform:       + viewer_certificate {                 
  20:19:22.114 STDOUT terraform:           + cloudfront_default_certificate = 
  true                                                                        
  20:19:22.114 STDOUT terraform:           + minimum_protocol_version       = 
  "TLSv1"                                                                     
  20:19:22.114 STDOUT terraform:         }                                    
  20:19:22.114 STDOUT terraform:     }                                        
  20:19:22.114 STDOUT terraform:   # aws_cloudfront_origin_access_control.this
  will be created                                                             
  20:19:22.114 STDOUT terraform:   + resource                                 
  "aws_cloudfront_origin_access_control" "this" {                             
  20:19:22.114 STDOUT terraform:       + arn                               =  
  (known after apply)                                                         
  20:19:22.114 STDOUT terraform:       + description                       =  
  "OAC for newsample-qa"                                                      
  20:19:22.114 STDOUT terraform:       + etag                              =  
  (known after apply)                                                         
  20:19:22.114 STDOUT terraform:       + id                                =  
  (known after apply)                                                         
  20:19:22.114 STDOUT terraform:       + name                              =  
  "newsample-qa-oac"                                                          
  20:19:22.114 STDOUT terraform:       + origin_access_control_origin_type =  
  "s3"                                                                        
  20:19:22.114 STDOUT terraform:       + signing_behavior                  =  
  "always"                                                                    
  20:19:22.114 STDOUT terraform:       + signing_protocol                  =  
  "sigv4"                                                                     
  20:19:22.114 STDOUT terraform:     }                                        
  20:19:22.114 STDOUT terraform:   # aws_s3_bucket_policy.cloudfront_read will
  be created                                                                  
  20:19:22.114 STDOUT terraform:   + resource "aws_s3_bucket_policy"          
  "cloudfront_read" {                                                         
  20:19:22.114 STDOUT terraform:       + bucket = "newsample-qa-app-data-7d50"
  20:19:22.114 STDOUT terraform:       + id     = (known after apply)         
  20:19:22.114 STDOUT terraform:       + policy = (known after apply)         
  20:19:22.114 STDOUT terraform:       + region = "us-east-1"                 
  20:19:22.114 STDOUT terraform:     }                                        
  20:19:22.114 STDOUT terraform: Plan: 3 to add, 0 to change, 0 to destroy.   
  20:19:22.114 STDOUT terraform: Changes to Outputs:                          
  20:19:22.114 STDOUT terraform:   + distribution_arn = (known after apply)   
  20:19:22.115 STDOUT terraform:   + distribution_id  = (known after apply)   
  20:19:22.115 STDOUT terraform:   + domain_name      = (known after apply)   

