
  # Terraform Plan Report                                                     
                                                                              
  Generated by tfplan2md 1.29.0 (5a66f68) on 2026-04-20 19:35:52 UTC |        
  Terraform                                                                   
  1.14.4                                                                      
                                                                              
  ## Summary                                                                  
                                                                              
   Action     | Count | Resource Types                                        
  ------------|-------|-----------------------------------------------------  
   ➕ Add     | 5     | 1 aws_s3_bucket1 aws_s3_bucket_public_access_block1   
              |       | aws_s3_bucket_server_side_encryption_configuration1   
              |       | aws_s3_bucket_versioning1 random_id                   
   🔄 Change  | 0     |                                                       
   ♻️ Replace | 0     |                                                       
   ❌ Destroy | 0     |                                                       
   **Total**  | **5** |                                                       
                                                                              
  ## Resource Changes                                                         
                                                                              
  ### 📦 Module: root                                                         
  ➕ aws_s3_bucket this                                                       
   Attribute                           | Value                                
  -------------------------------------|------------------------------------  
   force_destroy                       | ✅ true                              
   region                              | 🌍 us-east-1                         
  ➕ aws_s3_bucket_public_access_block this                                   
   Attribute                           | Value                                
  -------------------------------------|------------------------------------  
   block_public_acls                   | ✅ true                              
   block_public_policy                 | ✅ true                              
   ignore_public_acls                  | ✅ true                              
   region                              | 🌍 us-east-1                         
   restrict_public_buckets             | ✅ true                              
  ➕ aws_s3_bucket_server_side_encryption_configuration this                  
   Attribute                                                 | Value          
  -----------------------------------------------------------|--------------  
   region                                                    | 🌍 us-east-1   
   rule[0].apply_server_side_encryption_by_default[0].sse_al | AES256         
   gorithm                                                   |                
  ➕ aws_s3_bucket_versioning this                                            
   Attribute                           | Value                                
  -------------------------------------|------------------------------------  
   region                              | 🌍 us-east-1                         
   versioning_configuration[0].status  | Enabled                              
  ➕ random_id bucket                                                         
   Attribute                           | Value                                
  -------------------------------------|------------------------------------  
   byte_length                         | 2                                    
                                                                              
  ## 📤 Outputs                                                               
                                                                              
   Change  | Name       | Description     | Sensitive | Value                 
  ---------|------------|-----------------|-----------|---------------------  
   ➕      | bucket_arn | S3 bucket ARN.  | No        | (known after apply)   
   ➕      | bucket_id  | S3 bucket name. | No        | (known after apply)   

