# Terraform Plan Report

Generated by tfplan2md 1.29.0 (5a66f68) on 2026-04-28 17:26:24 UTC | Terraform 1.14.4

## Summary

| Action | Count | Resource Types |
| -------- | ------- | ---------------- |
| ➕ Add | 3 | 1 aws_iam_role1 aws_iam_role_policy_attachment1 aws_lambda_function |
| 🔄 Change | 0 |  |
| ♻️ Replace | 0 |  |
| ❌ Destroy | 0 |  |
| **Total** | **3** | |

## Resource Changes

### 📦 Module: root


➕ aws_iam_role this — 🆔 newsample-prod-hello-role


| Attribute | Value |
| ----------- | ------- |
| force_detach_policies | `❌ false` |
| max_session_duration | `3600` |
| name | `🆔 newsample-prod-hello-role` |
| path | `/` |
| tags_all.Component | `lambda-hello` |
| tags_all.Name | `newsample-prod-hello-role` |
| tags_all.Region | `us-east-1` |
| tags_all.environment | `prod` |
| tags_all.project | `newsample` |

**🏷️ Tags:** `Component: lambda-hello` `environment: prod` `Name: newsample-prod-hello-role` `project: newsample` `Region: us-east-1`



Large values: assume_role_policy (2 lines, 2 changes)

##### **assume_role_policy:**

```json
{
  "Statement": [
    {
      "Action": "sts:AssumeRole",
      "Effect": "Allow",
      "Principal": {
        "Service": "lambda.amazonaws.com"
      }
    }
  ],
  "Version": "2012-10-17"
}
```






➕ aws_iam_role_policy_attachment basic


| Attribute | Value |
| ----------- | ------- |
| policy_arn | `arn:aws:iam::aws:policy/service-role/AWSLambdaBasicExecutionRole` |
| role | `🛡️ newsample-prod-hello-role` |




➕ aws_lambda_function this


| Attribute | Value |
| ----------- | ------- |
| description | `Minimal hello-world Lambda (logs + JSON body).` |
| filename | `./.build/hello.zip` |
| function_name | `newsample-prod-hello` |
| handler | `lambda.lambda_handler` |
| memory_size | `128` |
| package_type | `Zip` |
| publish | `❌ false` |
| region | `🌍 us-east-1` |
| reserved_concurrent_executions | `-1` |
| runtime | `python3.12` |
| skip_destroy | `❌ false` |
| source_code_hash | `ub2SLZf6O4R8Icw4L3wAqAZb9/A2MzVYBVzH/1QZ56s=` |
| tags_all.Component | `lambda-hello` |
| tags_all.Name | `newsample-prod-hello` |
| tags_all.Region | `us-east-1` |
| tags_all.environment | `prod` |
| tags_all.project | `newsample` |
| timeout | `3` |

**🏷️ Tags:** `Component: lambda-hello` `environment: prod` `Name: newsample-prod-hello` `project: newsample` `Region: us-east-1`



## 📤 Outputs

| Change | Name | Description | Sensitive | Value |
| ------ | ---- | ----------- | --------- | ----- |
| ➕ | `function_arn` | Lambda function ARN. | No |  |
| ➕ | `function_name` | Lambda function name. | No | `newsample-prod-hello` |
| ➕ | `invoke_arn` | Lambda invoke ARN (e.g. for API Gateway). | No |  |

