Unit queue will be processed for plan in this order:
- Unit lambda-hello
- Unit s3

3] terraform: Terraform used the selected providers to generate the following execution
3] terraform: plan. Resource actions are indicated with the following symbols:
3] terraform:   + create
3] terraform: Terraform will perform the following actions:
3] terraform:   # aws_s3_bucket.this will be created
3] terraform:   + resource "aws_s3_bucket" "this" {
3] terraform:       + acceleration_status         = (known after apply)
3] terraform:       + acl                         = (known after apply)
3] terraform:       + arn                         = (known after apply)
3] terraform:       + bucket                      = (known after apply)
3] terraform:       + bucket_domain_name          = (known after apply)
3] terraform:       + bucket_namespace            = (known after apply)
3] terraform:       + bucket_prefix               = (known after apply)
3] terraform:       + bucket_region               = (known after apply)
3] terraform:       + bucket_regional_domain_name = (known after apply)
3] terraform:       + force_destroy               = true
3] terraform:       + hosted_zone_id              = (known after apply)
3] terraform:       + id                          = (known after apply)
3] terraform:       + object_lock_enabled         = (known after apply)
3] terraform:       + policy                      = (known after apply)
3] terraform:       + region                      = "us-east-1"
3] terraform:       + request_payer               = (known after apply)
3] terraform:       + tags                        = (known after apply)
3] terraform:       + tags_all                    = (known after apply)
3] terraform:       + website_domain              = (known after apply)
3] terraform:       + website_endpoint            = (known after apply)
3] terraform:       + cors_rule (known after apply)
3] terraform:       + grant (known after apply)
3] terraform:       + lifecycle_rule (known after apply)
3] terraform:       + logging (known after apply)
3] terraform:       + object_lock_configuration (known after apply)
3] terraform:       + replication_configuration (known after apply)
3] terraform:       + server_side_encryption_configuration (known after apply)
3] terraform:       + versioning (known after apply)
3] terraform:       + website (known after apply)
3] terraform:     }
3] terraform:   # aws_s3_bucket_public_access_block.this will be created
3] terraform:   + resource "aws_s3_bucket_public_access_block" "this" {
3] terraform:       + block_public_acls       = true
3] terraform:       + block_public_policy     = true
3] terraform:       + bucket                  = (known after apply)
3] terraform:       + id                      = (known after apply)
3] terraform:       + ignore_public_acls      = true
3] terraform:       + region                  = "us-east-1"
3] terraform:       + restrict_public_buckets = true
3] terraform:     }
3] terraform:   # aws_s3_bucket_server_side_encryption_configuration.this will be created
3] terraform:   + resource "aws_s3_bucket_server_side_encryption_configuration" "this" {
3] terraform:       + bucket = (known after apply)
3] terraform:       + id     = (known after apply)
3] terraform:       + region = "us-east-1"
3] terraform:       + rule {
3] terraform:           + blocked_encryption_types = (known after apply)
3] terraform:           + bucket_key_enabled       = (known after apply)
3] terraform:           + apply_server_side_encryption_by_default {
3] terraform:               + kms_master_key_id = (known after apply)
3] terraform:               + sse_algorithm     = "AES256"
3] terraform:             }
3] terraform:         }
3] terraform:     }
3] terraform:   # aws_s3_bucket_versioning.this will be created
3] terraform:   + resource "aws_s3_bucket_versioning" "this" {
3] terraform:       + bucket = (known after apply)
3] terraform:       + id     = (known after apply)
3] terraform:       + region = "us-east-1"
3] terraform:       + versioning_configuration {
3] terraform:           + mfa_delete = (known after apply)
3] terraform:           + status     = "Enabled"
3] terraform:         }
3] terraform:     }
3] terraform:   # random_id.bucket will be created
3] terraform:   + resource "random_id" "bucket" {
3] terraform:       + b64_std     = (known after apply)
3] terraform:       + b64_url     = (known after apply)
3] terraform:       + byte_length = 2
3] terraform:       + dec         = (known after apply)
3] terraform:       + hex         = (known after apply)
3] terraform:       + id          = (known after apply)
3] terraform:     }
3] terraform: Plan: 5 to add, 0 to change, 0 to destroy.
3] terraform: Changes to Outputs:
3] terraform:   + bucket_arn                  = (known after apply)
3] terraform:   + bucket_id                   = (known after apply)
3] terraform:   + bucket_regional_domain_name = (known after apply)
3] terraform: 
3] terraform: ─────────────────────────────────────────────────────────────────────────────
3] terraform: Note: You didn't use the -out option to save this plan, so Terraform can't
3] terraform: guarantee to take exactly these actions if you run "terraform apply" now.
ambda-hello] terraform: data.archive_file.zip: Reading...
ambda-hello] terraform: data.archive_file.zip: Read complete after 0s d=ec985a937848e60634645d57b89a748e26f30062]
ambda-hello] terraform: data.aws_iam_policy_document.assume_lambda: Reading...
ambda-hello] terraform: data.aws_iam_policy_document.assume_lambda: Read complete after 0s d=2690255455]
ambda-hello] terraform: Terraform used the selected providers to generate the following execution
ambda-hello] terraform: plan. Resource actions are indicated with the following symbols:
ambda-hello] terraform:   + create
ambda-hello] terraform: Terraform will perform the following actions:
ambda-hello] terraform:   # aws_iam_role.this will be created
ambda-hello] terraform:   + resource "aws_iam_role" "this" {
ambda-hello] terraform:       + arn                   = (known after apply)
ambda-hello] terraform:       + assume_role_policy    = jsonencode(
ambda-hello] terraform:             {
ambda-hello] terraform:               + Statement = [
ambda-hello] terraform:                   + {
ambda-hello] terraform:                       + Action    = "sts:AssumeRole"
ambda-hello] terraform:                       + Effect    = "Allow"
ambda-hello] terraform:                       + Principal = {
ambda-hello] terraform:                           + Service = "lambda.amazonaws.com"
ambda-hello] terraform:                         }
ambda-hello] terraform:                     },
ambda-hello] terraform:                 ]
ambda-hello] terraform:               + Version   = "2012-10-17"
ambda-hello] terraform:             }
ambda-hello] terraform:         )
ambda-hello] terraform:       + create_date           = (known after apply)
ambda-hello] terraform:       + force_detach_policies = false
ambda-hello] terraform:       + id                    = (known after apply)
ambda-hello] terraform:       + managed_policy_arns   = (known after apply)
ambda-hello] terraform:       + max_session_duration  = 3600
ambda-hello] terraform:       + name                  = "newsample-prod-hello-role"
ambda-hello] terraform:       + name_prefix           = (known after apply)
ambda-hello] terraform:       + path                  = "/"
ambda-hello] terraform:       + tags                  = {
ambda-hello] terraform:           + "Component"   = "lambda-hello"
ambda-hello] terraform:           + "Name"        = "newsample-prod-hello-role"
ambda-hello] terraform:           + "Region"      = "us-east-1"
ambda-hello] terraform:           + "environment" = "prod"
ambda-hello] terraform:           + "project"     = "newsample"
ambda-hello] terraform:         }
ambda-hello] terraform:       + tags_all              = {
ambda-hello] terraform:           + "Component"   = "lambda-hello"
ambda-hello] terraform:           + "Name"        = "newsample-prod-hello-role"
ambda-hello] terraform:           + "Region"      = "us-east-1"
ambda-hello] terraform:           + "environment" = "prod"
ambda-hello] terraform:           + "project"     = "newsample"
ambda-hello] terraform:         }
ambda-hello] terraform:       + unique_id             = (known after apply)
ambda-hello] terraform:       + inline_policy (known after apply)
ambda-hello] terraform:     }
ambda-hello] terraform:   # aws_iam_role_policy_attachment.basic will be created
ambda-hello] terraform:   + resource "aws_iam_role_policy_attachment" "basic" {
ambda-hello] terraform:       + id         = (known after apply)
ambda-hello] terraform:       + policy_arn = "arn:aws:iam::aws:policy/service-role/AWSLambdaBasicExecutionRole"
ambda-hello] terraform:       + role       = "newsample-prod-hello-role"
ambda-hello] terraform:     }
ambda-hello] terraform:   # aws_lambda_function.this will be created
ambda-hello] terraform:   + resource "aws_lambda_function" "this" {
ambda-hello] terraform:       + architectures                  = (known after apply)
ambda-hello] terraform:       + arn                            = (known after apply)
ambda-hello] terraform:       + code_sha256                    = (known after apply)
ambda-hello] terraform:       + description                    = "Minimal hello-world Lambda (logs + JSON body)."
ambda-hello] terraform:       + filename                       = "./.build/hello.zip"
ambda-hello] terraform:       + function_name                  = "newsample-prod-hello"
ambda-hello] terraform:       + handler                        = "lambda.lambda_handler"
ambda-hello] terraform:       + id                             = (known after apply)
ambda-hello] terraform:       + invoke_arn                     = (known after apply)
ambda-hello] terraform:       + last_modified                  = (known after apply)
ambda-hello] terraform:       + memory_size                    = 128
ambda-hello] terraform:       + package_type                   = "Zip"
ambda-hello] terraform:       + publish                        = false
ambda-hello] terraform:       + qualified_arn                  = (known after apply)
ambda-hello] terraform:       + qualified_invoke_arn           = (known after apply)
ambda-hello] terraform:       + region                         = "us-east-1"
ambda-hello] terraform:       + reserved_concurrent_executions = -1
ambda-hello] terraform:       + response_streaming_invoke_arn  = (known after apply)
ambda-hello] terraform:       + role                           = (known after apply)
ambda-hello] terraform:       + runtime                        = "python3.12"
ambda-hello] terraform:       + signing_job_arn                = (known after apply)
ambda-hello] terraform:       + signing_profile_version_arn    = (known after apply)
ambda-hello] terraform:       + skip_destroy                   = false
ambda-hello] terraform:       + source_code_hash               = "ub2SLZf6O4R8Icw4L3wAqAZb9/A2MzVYBVzH/1QZ56s="
ambda-hello] terraform:       + source_code_size               = (known after apply)
ambda-hello] terraform:       + tags                           = {
ambda-hello] terraform:           + "Component"   = "lambda-hello"
ambda-hello] terraform:           + "Name"        = "newsample-prod-hello"
ambda-hello] terraform:           + "Region"      = "us-east-1"
ambda-hello] terraform:           + "environment" = "prod"
ambda-hello] terraform:           + "project"     = "newsample"
ambda-hello] terraform:         }
ambda-hello] terraform:       + tags_all                       = {
ambda-hello] terraform:           + "Component"   = "lambda-hello"
ambda-hello] terraform:           + "Name"        = "newsample-prod-hello"
ambda-hello] terraform:           + "Region"      = "us-east-1"
ambda-hello] terraform:           + "environment" = "prod"
ambda-hello] terraform:           + "project"     = "newsample"
ambda-hello] terraform:         }
ambda-hello] terraform:       + timeout                        = 3
ambda-hello] terraform:       + version                        = (known after apply)
ambda-hello] terraform:       + ephemeral_storage (known after apply)
ambda-hello] terraform:       + logging_config (known after apply)
ambda-hello] terraform:       + tracing_config (known after apply)
ambda-hello] terraform:     }
ambda-hello] terraform: Plan: 3 to add, 0 to change, 0 to destroy.
ambda-hello] terraform: Changes to Outputs:
ambda-hello] terraform:   + function_arn  = (known after apply)
ambda-hello] terraform:   + function_name = "newsample-prod-hello"
ambda-hello] terraform:   + invoke_arn    = (known after apply)
ambda-hello] terraform: 
ambda-hello] terraform: ─────────────────────────────────────────────────────────────────────────────
ambda-hello] terraform: Note: You didn't use the -out option to save this plan, so Terraform can't
ambda-hello] terraform: guarantee to take exactly these actions if you run "terraform apply" now.

❯❯ Run Summary  2 units  7s
   ────────────────────────────
   Succeeded    2

